<?xml version="1.0" encoding="UTF-8"?>
<!-- Generated by org.testng.reporters.JUnitReportReporter -->
<testsuite hostname="LAPTOP-B1BQHEGT" failures="0" tests="1" name="food.Swiggy_Test" time="6.096" errors="0" timestamp="2024-04-20T08:11:44 IST" skipped="0">
  <testcase classname="food.Swiggy_Test" name="a" time="6.096"/>
  <system-out/>
</testsuite> <!-- food.Swiggy_Test -->
