<?xml version="1.0" encoding="UTF-8"?>
<!-- Generated by org.testng.reporters.JUnitReportReporter -->
<testsuite hostname="LAPTOP-B1BQHEGT" failures="0" tests="1" name="Beauty.Oreal_Test" time="13.359" errors="0" timestamp="2024-04-19T22:21:00 IST" skipped="0">
  <testcase classname="Beauty.Oreal_Test" name="a" time="13.359"/>
  <system-out/>
</testsuite> <!-- Beauty.Oreal_Test -->
