<?xml version="1.0" encoding="UTF-8"?>
<!-- Generated by org.testng.reporters.JUnitReportReporter -->
<testsuite hostname="LAPTOP-B1BQHEGT" failures="0" tests="1" name="ecom.launchFlip_Test" time="11.192" errors="0" timestamp="2024-04-19T22:14:11 IST" skipped="0">
  <testcase classname="ecom.launchFlip_Test" name="a" time="11.192"/>
  <system-out/>
</testsuite> <!-- ecom.launchFlip_Test -->
