<?xml version="1.0" encoding="UTF-8"?>
<!-- Generated by org.testng.reporters.JUnitReportReporter -->
<testsuite hostname="LAPTOP-B1BQHEGT" failures="0" tests="1" name="food.Zomato_Test" time="6.271" errors="0" timestamp="2024-04-20T08:09:21 IST" skipped="0">
  <testcase classname="food.Zomato_Test" name="a" time="6.271"/>
  <system-out/>
</testsuite> <!-- food.Zomato_Test -->
