<?xml version="1.0" encoding="UTF-8"?>
<!-- Generated by org.testng.reporters.JUnitReportReporter -->
<testsuite hostname="LAPTOP-B1BQHEGT" failures="0" tests="1" name="Beauty.Lakme_Test" time="13.167" errors="0" timestamp="2024-07-30T15:25:05 IST" skipped="0">
  <testcase classname="Beauty.Lakme_Test" name="lak" time="13.167"/>
  <system-out/>
</testsuite> <!-- Beauty.Lakme_Test -->
